Determining if the C compiler works failed with the following output:
Change Dir: /home/gcarver/raspi/wiringPi/wiringPi/CMakeFiles/CMakeTmp

Run Build Command:"/usr/bin/make" "cmTC_6c4c5/fast"
/usr/bin/make -f CMakeFiles/cmTC_6c4c5.dir/build.make CMakeFiles/cmTC_6c4c5.dir/build
make[1]: Entering directory '/home/gcarver/raspi/wiringPi/wiringPi/CMakeFiles/CMakeTmp'
Building C object CMakeFiles/cmTC_6c4c5.dir/testCCompiler.c.o
/home/gcarver/raspi/tools/arm-bcm2708/arm-rpi-4.9.3-linux-gnueabihf/bin/arm-linux-gnueabihf-gcc    -WAll -std=c11 -o CMakeFiles/cmTC_6c4c5.dir/testCCompiler.c.o   -c /home/gcarver/raspi/wiringPi/wiringPi/CMakeFiles/CMakeTmp/testCCompiler.c
arm-linux-gnueabihf-gcc: error: unrecognized command line option '-WAll'
CMakeFiles/cmTC_6c4c5.dir/build.make:65: recipe for target 'CMakeFiles/cmTC_6c4c5.dir/testCCompiler.c.o' failed
make[1]: *** [CMakeFiles/cmTC_6c4c5.dir/testCCompiler.c.o] Error 1
make[1]: Leaving directory '/home/gcarver/raspi/wiringPi/wiringPi/CMakeFiles/CMakeTmp'
Makefile:126: recipe for target 'cmTC_6c4c5/fast' failed
make: *** [cmTC_6c4c5/fast] Error 2


Determining if the C compiler works failed with the following output:
Change Dir: /home/gcarver/raspi/wiringPi/wiringPi/CMakeFiles/CMakeTmp

Run Build Command:"/usr/bin/make" "cmTC_e96c8/fast"
/usr/bin/make -f CMakeFiles/cmTC_e96c8.dir/build.make CMakeFiles/cmTC_e96c8.dir/build
make[1]: Entering directory '/home/gcarver/raspi/wiringPi/wiringPi/CMakeFiles/CMakeTmp'
Building C object CMakeFiles/cmTC_e96c8.dir/testCCompiler.c.o
/home/gcarver/raspi/tools/arm-bcm2708/arm-rpi-4.9.3-linux-gnueabihf/bin/arm-linux-gnueabihf-gcc    -WAll -std=c11 -o CMakeFiles/cmTC_e96c8.dir/testCCompiler.c.o   -c /home/gcarver/raspi/wiringPi/wiringPi/CMakeFiles/CMakeTmp/testCCompiler.c
arm-linux-gnueabihf-gcc: error: unrecognized command line option '-WAll'
CMakeFiles/cmTC_e96c8.dir/build.make:65: recipe for target 'CMakeFiles/cmTC_e96c8.dir/testCCompiler.c.o' failed
make[1]: *** [CMakeFiles/cmTC_e96c8.dir/testCCompiler.c.o] Error 1
make[1]: Leaving directory '/home/gcarver/raspi/wiringPi/wiringPi/CMakeFiles/CMakeTmp'
Makefile:126: recipe for target 'cmTC_e96c8/fast' failed
make: *** [cmTC_e96c8/fast] Error 2


Determining if the C compiler works failed with the following output:
Change Dir: /home/gcarver/raspi/wiringPi/wiringPi/CMakeFiles/CMakeTmp

Run Build Command:"/usr/bin/make" "cmTC_18803/fast"
/usr/bin/make -f CMakeFiles/cmTC_18803.dir/build.make CMakeFiles/cmTC_18803.dir/build
make[1]: Entering directory '/home/gcarver/raspi/wiringPi/wiringPi/CMakeFiles/CMakeTmp'
Building C object CMakeFiles/cmTC_18803.dir/testCCompiler.c.o
/home/gcarver/raspi/tools/arm-bcm2708/arm-rpi-4.9.3-linux-gnueabihf/bin/arm-linux-gnueabihf-gcc    -wAll -std=c11 -o CMakeFiles/cmTC_18803.dir/testCCompiler.c.o   -c /home/gcarver/raspi/wiringPi/wiringPi/CMakeFiles/CMakeTmp/testCCompiler.c
arm-linux-gnueabihf-gcc: error: unrecognized command line option '-wAll'
CMakeFiles/cmTC_18803.dir/build.make:65: recipe for target 'CMakeFiles/cmTC_18803.dir/testCCompiler.c.o' failed
make[1]: *** [CMakeFiles/cmTC_18803.dir/testCCompiler.c.o] Error 1
make[1]: Leaving directory '/home/gcarver/raspi/wiringPi/wiringPi/CMakeFiles/CMakeTmp'
Makefile:126: recipe for target 'cmTC_18803/fast' failed
make: *** [cmTC_18803/fast] Error 2


Determining if the pthread_create exist failed with the following output:
Change Dir: /home/gcarver/raspi/wiringPi/wiringPi/CMakeFiles/CMakeTmp

Run Build Command:"/usr/bin/make" "cmTC_9cee5/fast"
/usr/bin/make -f CMakeFiles/cmTC_9cee5.dir/build.make CMakeFiles/cmTC_9cee5.dir/build
make[1]: Entering directory '/home/gcarver/raspi/wiringPi/wiringPi/CMakeFiles/CMakeTmp'
Building C object CMakeFiles/cmTC_9cee5.dir/CheckSymbolExists.c.o
/home/gcarver/raspi/tools/arm-bcm2708/arm-rpi-4.9.3-linux-gnueabihf/bin/arm-linux-gnueabihf-gcc    -Wall -std=c11 -o CMakeFiles/cmTC_9cee5.dir/CheckSymbolExists.c.o   -c /home/gcarver/raspi/wiringPi/wiringPi/CMakeFiles/CMakeTmp/CheckSymbolExists.c
Linking C executable cmTC_9cee5
/usr/bin/cmake -E cmake_link_script CMakeFiles/cmTC_9cee5.dir/link.txt --verbose=1
/home/gcarver/raspi/tools/arm-bcm2708/arm-rpi-4.9.3-linux-gnueabihf/bin/arm-linux-gnueabihf-gcc       CMakeFiles/cmTC_9cee5.dir/CheckSymbolExists.c.o  -o cmTC_9cee5 -rdynamic 
CMakeFiles/cmTC_9cee5.dir/CheckSymbolExists.c.o: In function `main':
CheckSymbolExists.c:(.text+0x38): undefined reference to `pthread_create'
collect2: error: ld returned 1 exit status
CMakeFiles/cmTC_9cee5.dir/build.make:97: recipe for target 'cmTC_9cee5' failed
make[1]: *** [cmTC_9cee5] Error 1
make[1]: Leaving directory '/home/gcarver/raspi/wiringPi/wiringPi/CMakeFiles/CMakeTmp'
Makefile:126: recipe for target 'cmTC_9cee5/fast' failed
make: *** [cmTC_9cee5/fast] Error 2

File /home/gcarver/raspi/wiringPi/wiringPi/CMakeFiles/CMakeTmp/CheckSymbolExists.c:
/* */
#include <pthread.h>

int main(int argc, char** argv)
{
  (void)argv;
#ifndef pthread_create
  return ((int*)(&pthread_create))[argc];
#else
  (void)argc;
  return 0;
#endif
}

Determining if the function pthread_create exists in the pthreads failed with the following output:
Change Dir: /home/gcarver/raspi/wiringPi/wiringPi/CMakeFiles/CMakeTmp

Run Build Command:"/usr/bin/make" "cmTC_8f96f/fast"
/usr/bin/make -f CMakeFiles/cmTC_8f96f.dir/build.make CMakeFiles/cmTC_8f96f.dir/build
make[1]: Entering directory '/home/gcarver/raspi/wiringPi/wiringPi/CMakeFiles/CMakeTmp'
Building C object CMakeFiles/cmTC_8f96f.dir/CheckFunctionExists.c.o
/home/gcarver/raspi/tools/arm-bcm2708/arm-rpi-4.9.3-linux-gnueabihf/bin/arm-linux-gnueabihf-gcc    -DCHECK_FUNCTION_EXISTS=pthread_create   -Wall -std=c11 -o CMakeFiles/cmTC_8f96f.dir/CheckFunctionExists.c.o   -c /usr/share/cmake-3.5/Modules/CheckFunctionExists.c
Linking C executable cmTC_8f96f
/usr/bin/cmake -E cmake_link_script CMakeFiles/cmTC_8f96f.dir/link.txt --verbose=1
/home/gcarver/raspi/tools/arm-bcm2708/arm-rpi-4.9.3-linux-gnueabihf/bin/arm-linux-gnueabihf-gcc   -DCHECK_FUNCTION_EXISTS=pthread_create    CMakeFiles/cmTC_8f96f.dir/CheckFunctionExists.c.o  -o cmTC_8f96f -rdynamic -lpthreads 
/home/gcarver/raspi/tools/arm-bcm2708/arm-rpi-4.9.3-linux-gnueabihf/bin/../lib/gcc/arm-linux-gnueabihf/4.9.3/../../../../arm-linux-gnueabihf/bin/ld: cannot find -lpthreads
collect2: error: ld returned 1 exit status
CMakeFiles/cmTC_8f96f.dir/build.make:97: recipe for target 'cmTC_8f96f' failed
make[1]: *** [cmTC_8f96f] Error 1
make[1]: Leaving directory '/home/gcarver/raspi/wiringPi/wiringPi/CMakeFiles/CMakeTmp'
Makefile:126: recipe for target 'cmTC_8f96f/fast' failed
make: *** [cmTC_8f96f/fast] Error 2


